<?xml version="1.0" encoding="UTF-8"?>
<!-- Generated by org.testng.reporters.JUnitXMLReporter -->
<testsuite ignored="2" hostname="LN16106" failures="0" tests="0" time="0.035" errors="0" timestamp="2024-12-08T17:01:54 IST">
  <testcase classname="rahulshettyacademy.tests.ErrorValidationTest" name="productErrorValidation" time="0.0">
    <ignored/>
  </testcase> <!-- productErrorValidation -->
  <testcase classname="rahulshettyacademy.tests.ErrorValidationTest" name="loginError" time="0.0">
    <ignored/>
  </testcase> <!-- loginError -->
</testsuite>
