<?xml version="1.0" encoding="UTF-8"?>
<!-- Generated by org.testng.reporters.JUnitXMLReporter -->
<testsuite ignored="1" hostname="LN16106" failures="0" tests="2" name="Submit Order Test" time="43.397" errors="0" timestamp="2024-12-08T17:02:37 IST">
  <testcase classname="rahulshettyacademy.tests.SubmitOrderTest" name="submitOrder" time="15.498"/>
  <testcase classname="rahulshettyacademy.tests.SubmitOrderTest" name="submitOrder" time="15.244"/>
  <testcase classname="rahulshettyacademy.tests.SubmitOrderTest" name="goToOrderHistory" time="0.0">
    <ignored/>
  </testcase> <!-- goToOrderHistory -->
</testsuite> <!-- Submit Order Test -->
